<?xml version="1.0" encoding="UTF-8"?>
<!-- Generated by org.testng.reporters.JUnitXMLReporter -->
<testsuite ignored="6" hostname="DESKTOP-VSA6J3H" failures="0" tests="4" name="Test1" time="103.69" errors="0" timestamp="2024-08-30T10:56:40 IST">
  <testcase classname="tc1_Repository.ORG_04" name="org_04Case" time="13.595"/>
  <testcase classname="tc1_Repository.ORG_01" name="org_01Case" time="9.761"/>
  <testcase classname="tc1_Repository.ORG_03" name="org_03Case" time="13.548"/>
  <testcase classname="tc1_Repository.ORG_02" name="org_02Case" time="11.307"/>
  <testcase classname="genericUtilityOrLib.BaseClass" name="@AfterSuite closeConnection" time="0.0">
    <ignored/>
  </testcase> <!-- @AfterSuite closeConnection -->
  <testcase classname="genericUtilityOrLib.BaseClass" name="@AfterSuite closeConnection" time="0.0">
    <ignored/>
  </testcase> <!-- @AfterSuite closeConnection -->
  <testcase classname="genericUtilityOrLib.BaseClass" name="@AfterSuite closeConnection" time="0.0">
    <ignored/>
  </testcase> <!-- @AfterSuite closeConnection -->
  <testcase classname="genericUtilityOrLib.BaseClass" name="@BeforeSuite createConnection" time="0.0">
    <ignored/>
  </testcase> <!-- @BeforeSuite createConnection -->
  <testcase classname="genericUtilityOrLib.BaseClass" name="@BeforeSuite createConnection" time="0.0">
    <ignored/>
  </testcase> <!-- @BeforeSuite createConnection -->
  <testcase classname="genericUtilityOrLib.BaseClass" name="@BeforeSuite createConnection" time="0.0">
    <ignored/>
  </testcase> <!-- @BeforeSuite createConnection -->
</testsuite> <!-- Test1 -->
